<?xml version="1.0" encoding="UTF-8"?>
<!-- Generated by org.testng.reporters.JUnitXMLReporter -->
<testsuite ignored="0" hostname="LAPTOP-DNIB9THI" failures="2" tests="2" name="Test" time="5.763" errors="0" timestamp="04 Sep 2023 07:07:49 GMT">
  <testcase classname="com.cts.sme.SmokeTest" name="driverrCall" time="3.707">
    <failure type="org.openqa.selenium.SessionNotCreatedException" message="session not created: This version of ChromeDriver only supports Chrome version 114
Current browser version is 116.0.5845.141 with binary path C:\Program Files\Google\Chrome\Application\chrome.exe
Build info: version: &amp;apos;3.141.59&amp;apos;, revision: &amp;apos;e82be7d358&amp;apos;, time: &amp;apos;2018-11-14T08:17:03&amp;apos;
System info: host: &amp;apos;LAPTOP-DNIB9THI&amp;apos;, ip: &amp;apos;192.168.1.24&amp;apos;, os.name: &amp;apos;Windows 11&amp;apos;, os.arch: &amp;apos;amd64&amp;apos;, os.version: &amp;apos;10.0&amp;apos;, java.version: &amp;apos;17.0.7&amp;apos;
Driver info: driver.version: ChromeDriver
remote stacktrace: Backtrace:
	GetHandleVerifier [0x00AFA813+48355]
	(No symbol) [0x00A8C4B1]
	(No symbol) [0x00995358]
	(No symbol) [0x009B61AC]
	(No symbol) [0x009B1EF3]
	(No symbol) [0x009B0579]
	(No symbol) [0x009E0C55]
	(No symbol) [0x009E093C]
	(No symbol) [0x009DA536]
	(No symbol) [0x009B82DC]
	(No symbol) [0x009B93DD]
	GetHandleVerifier [0x00D5AABD+2539405]
	GetHandleVerifier [0x00D9A78F+2800735]
	GetHandleVerifier [0x00D9456C+2775612]
	GetHandleVerifier [0x00B851E0+616112]
	(No symbol) [0x00A95F8C]
	(No symbol) [0x00A92328]
	(No symbol) [0x00A9240B]
	(No symbol) [0x00A84FF7]
	BaseThreadInitThunk [0x74DC7D59+25]
	RtlInitializeExceptionChain [0x76F5B79B+107]
	RtlClearBits [0x76F5B71F+191]
">
      <![CDATA[org.openqa.selenium.SessionNotCreatedException: session not created: This version of ChromeDriver only supports Chrome version 114
Current browser version is 116.0.5845.141 with binary path C:\Program Files\Google\Chrome\Application\chrome.exe
Build info: version: '3.141.59', revision: 'e82be7d358', time: '2018-11-14T08:17:03'
System info: host: 'LAPTOP-DNIB9THI', ip: '192.168.1.24', os.name: 'Windows 11', os.arch: 'amd64', os.version: '10.0', java.version: '17.0.7'
Driver info: driver.version: ChromeDriver
remote stacktrace: Backtrace:
GetHandleVerifier [0x00AFA813+48355]
(No symbol) [0x00A8C4B1]
(No symbol) [0x00995358]
(No symbol) [0x009B61AC]
(No symbol) [0x009B1EF3]
(No symbol) [0x009B0579]
(No symbol) [0x009E0C55]
(No symbol) [0x009E093C]
(No symbol) [0x009DA536]
(No symbol) [0x009B82DC]
(No symbol) [0x009B93DD]
GetHandleVerifier [0x00D5AABD+2539405]
GetHandleVerifier [0x00D9A78F+2800735]
GetHandleVerifier [0x00D9456C+2775612]
GetHandleVerifier [0x00B851E0+616112]
(No symbol) [0x00A95F8C]
(No symbol) [0x00A92328]
(No symbol) [0x00A9240B]
(No symbol) [0x00A84FF7]
BaseThreadInitThunk [0x74DC7D59+25]
RtlInitializeExceptionChain [0x76F5B79B+107]
RtlClearBits [0x76F5B71F+191]

at org.openqa.selenium.remote.W3CHandshakeResponse.lambda$errorHandler$0(W3CHandshakeResponse.java:62)
at org.openqa.selenium.remote.HandshakeResponse.lambda$getResponseFunction$0(HandshakeResponse.java:30)
at org.openqa.selenium.remote.ProtocolHandshake.lambda$createSession$0(ProtocolHandshake.java:126)
at java.base/java.util.stream.ReferencePipeline$3$1.accept(ReferencePipeline.java:197)
at java.base/java.util.Spliterators$ArraySpliterator.tryAdvance(Spliterators.java:1002)
at java.base/java.util.stream.ReferencePipeline.forEachWithCancel(ReferencePipeline.java:129)
at java.base/java.util.stream.AbstractPipeline.copyIntoWithCancel(AbstractPipeline.java:527)
at java.base/java.util.stream.AbstractPipeline.copyInto(AbstractPipeline.java:513)
at java.base/java.util.stream.AbstractPipeline.wrapAndCopyInto(AbstractPipeline.java:499)
at java.base/java.util.stream.FindOps$FindOp.evaluateSequential(FindOps.java:150)
at java.base/java.util.stream.AbstractPipeline.evaluate(AbstractPipeline.java:234)
at java.base/java.util.stream.ReferencePipeline.findFirst(ReferencePipeline.java:647)
at org.openqa.selenium.remote.ProtocolHandshake.createSession(ProtocolHandshake.java:128)
at org.openqa.selenium.remote.ProtocolHandshake.createSession(ProtocolHandshake.java:74)
at org.openqa.selenium.remote.HttpCommandExecutor.execute(HttpCommandExecutor.java:136)
at org.openqa.selenium.remote.service.DriverCommandExecutor.execute(DriverCommandExecutor.java:83)
at org.openqa.selenium.remote.RemoteWebDriver.execute(RemoteWebDriver.java:552)
at org.openqa.selenium.remote.RemoteWebDriver.startSession(RemoteWebDriver.java:213)
at org.openqa.selenium.remote.RemoteWebDriver.<init>(RemoteWebDriver.java:131)
at org.openqa.selenium.chrome.ChromeDriver.<init>(ChromeDriver.java:181)
at org.openqa.selenium.chrome.ChromeDriver.<init>(ChromeDriver.java:168)
at org.openqa.selenium.chrome.ChromeDriver.<init>(ChromeDriver.java:123)
at com.cts.sme.Base.driverSetup(Base.java:52)
at com.cts.sme.SmokeTest.driverrCall(SmokeTest.java:17)
... Removed 30 stack frames]]>
    </failure>
  </testcase> <!-- driverrCall -->
  <testcase classname="com.cts.sme.AllTest" name="driverCall" time="2.032">
    <failure type="org.openqa.selenium.SessionNotCreatedException" message="session not created: This version of ChromeDriver only supports Chrome version 114
Current browser version is 116.0.5845.141 with binary path C:\Program Files\Google\Chrome\Application\chrome.exe
Build info: version: &amp;apos;3.141.59&amp;apos;, revision: &amp;apos;e82be7d358&amp;apos;, time: &amp;apos;2018-11-14T08:17:03&amp;apos;
System info: host: &amp;apos;LAPTOP-DNIB9THI&amp;apos;, ip: &amp;apos;192.168.1.24&amp;apos;, os.name: &amp;apos;Windows 11&amp;apos;, os.arch: &amp;apos;amd64&amp;apos;, os.version: &amp;apos;10.0&amp;apos;, java.version: &amp;apos;17.0.7&amp;apos;
Driver info: driver.version: ChromeDriver
remote stacktrace: Backtrace:
	GetHandleVerifier [0x00AFA813+48355]
	(No symbol) [0x00A8C4B1]
	(No symbol) [0x00995358]
	(No symbol) [0x009B61AC]
	(No symbol) [0x009B1EF3]
	(No symbol) [0x009B0579]
	(No symbol) [0x009E0C55]
	(No symbol) [0x009E093C]
	(No symbol) [0x009DA536]
	(No symbol) [0x009B82DC]
	(No symbol) [0x009B93DD]
	GetHandleVerifier [0x00D5AABD+2539405]
	GetHandleVerifier [0x00D9A78F+2800735]
	GetHandleVerifier [0x00D9456C+2775612]
	GetHandleVerifier [0x00B851E0+616112]
	(No symbol) [0x00A95F8C]
	(No symbol) [0x00A92328]
	(No symbol) [0x00A9240B]
	(No symbol) [0x00A84FF7]
	BaseThreadInitThunk [0x74DC7D59+25]
	RtlInitializeExceptionChain [0x76F5B79B+107]
	RtlClearBits [0x76F5B71F+191]
">
      <![CDATA[org.openqa.selenium.SessionNotCreatedException: session not created: This version of ChromeDriver only supports Chrome version 114
Current browser version is 116.0.5845.141 with binary path C:\Program Files\Google\Chrome\Application\chrome.exe
Build info: version: '3.141.59', revision: 'e82be7d358', time: '2018-11-14T08:17:03'
System info: host: 'LAPTOP-DNIB9THI', ip: '192.168.1.24', os.name: 'Windows 11', os.arch: 'amd64', os.version: '10.0', java.version: '17.0.7'
Driver info: driver.version: ChromeDriver
remote stacktrace: Backtrace:
GetHandleVerifier [0x00AFA813+48355]
(No symbol) [0x00A8C4B1]
(No symbol) [0x00995358]
(No symbol) [0x009B61AC]
(No symbol) [0x009B1EF3]
(No symbol) [0x009B0579]
(No symbol) [0x009E0C55]
(No symbol) [0x009E093C]
(No symbol) [0x009DA536]
(No symbol) [0x009B82DC]
(No symbol) [0x009B93DD]
GetHandleVerifier [0x00D5AABD+2539405]
GetHandleVerifier [0x00D9A78F+2800735]
GetHandleVerifier [0x00D9456C+2775612]
GetHandleVerifier [0x00B851E0+616112]
(No symbol) [0x00A95F8C]
(No symbol) [0x00A92328]
(No symbol) [0x00A9240B]
(No symbol) [0x00A84FF7]
BaseThreadInitThunk [0x74DC7D59+25]
RtlInitializeExceptionChain [0x76F5B79B+107]
RtlClearBits [0x76F5B71F+191]

at org.openqa.selenium.remote.W3CHandshakeResponse.lambda$errorHandler$0(W3CHandshakeResponse.java:62)
at org.openqa.selenium.remote.HandshakeResponse.lambda$getResponseFunction$0(HandshakeResponse.java:30)
at org.openqa.selenium.remote.ProtocolHandshake.lambda$createSession$0(ProtocolHandshake.java:126)
at java.base/java.util.stream.ReferencePipeline$3$1.accept(ReferencePipeline.java:197)
at java.base/java.util.Spliterators$ArraySpliterator.tryAdvance(Spliterators.java:1002)
at java.base/java.util.stream.ReferencePipeline.forEachWithCancel(ReferencePipeline.java:129)
at java.base/java.util.stream.AbstractPipeline.copyIntoWithCancel(AbstractPipeline.java:527)
at java.base/java.util.stream.AbstractPipeline.copyInto(AbstractPipeline.java:513)
at java.base/java.util.stream.AbstractPipeline.wrapAndCopyInto(AbstractPipeline.java:499)
at java.base/java.util.stream.FindOps$FindOp.evaluateSequential(FindOps.java:150)
at java.base/java.util.stream.AbstractPipeline.evaluate(AbstractPipeline.java:234)
at java.base/java.util.stream.ReferencePipeline.findFirst(ReferencePipeline.java:647)
at org.openqa.selenium.remote.ProtocolHandshake.createSession(ProtocolHandshake.java:128)
at org.openqa.selenium.remote.ProtocolHandshake.createSession(ProtocolHandshake.java:74)
at org.openqa.selenium.remote.HttpCommandExecutor.execute(HttpCommandExecutor.java:136)
at org.openqa.selenium.remote.service.DriverCommandExecutor.execute(DriverCommandExecutor.java:83)
at org.openqa.selenium.remote.RemoteWebDriver.execute(RemoteWebDriver.java:552)
at org.openqa.selenium.remote.RemoteWebDriver.startSession(RemoteWebDriver.java:213)
at org.openqa.selenium.remote.RemoteWebDriver.<init>(RemoteWebDriver.java:131)
at org.openqa.selenium.chrome.ChromeDriver.<init>(ChromeDriver.java:181)
at org.openqa.selenium.chrome.ChromeDriver.<init>(ChromeDriver.java:168)
at org.openqa.selenium.chrome.ChromeDriver.<init>(ChromeDriver.java:123)
at com.cts.sme.Base.driverSetup(Base.java:52)
at com.cts.sme.AllTest.driverCall(AllTest.java:23)
... Removed 30 stack frames]]>
    </failure>
  </testcase> <!-- driverCall -->
</testsuite> <!-- Test -->
