<?xml version="1.0" encoding="UTF-8"?>
<testng-results ignored="0" total="11" passed="10" failed="1" skipped="0">
  <reporter-output>
  </reporter-output>
  <suite started-at="2023-09-04T07:10:17Z" name="Default suite" finished-at="2023-09-04T07:12:33Z" duration-ms="135954">
    <groups>
    </groups>
    <test started-at="2023-09-04T07:10:17Z" name="Default test" finished-at="2023-09-04T07:12:33Z" duration-ms="135954">
      <class name="test.GSD">
        <test-method is-config="true" signature="reportInitialize()[pri:0, instance:test.GSD@6a4f1a55]" started-at="2023-09-04T07:10:17Z" name="reportInitialize" finished-at="2023-09-04T07:10:17Z" duration-ms="9" status="PASS">
          <reporter-output>
          </reporter-output>
        </test-method> <!-- reportInitialize -->
        <test-method is-config="true" signature="openBrowser()[pri:0, instance:test.GSD@6a4f1a55]" started-at="2023-09-04T07:10:17Z" name="openBrowser" finished-at="2023-09-04T07:10:20Z" duration-ms="3332" status="PASS">
          <reporter-output>
          </reporter-output>
        </test-method> <!-- openBrowser -->
        <test-method is-config="true" signature="setPage()[pri:0, instance:test.GSD@6a4f1a55]" started-at="2023-09-04T07:10:20Z" name="setPage" finished-at="2023-09-04T07:10:20Z" duration-ms="20" status="PASS">
          <reporter-output>
          </reporter-output>
        </test-method> <!-- setPage -->
        <test-method signature="openWebsite()[pri:1, instance:test.GSD@6a4f1a55]" started-at="2023-09-04T07:10:20Z" name="openWebsite" finished-at="2023-09-04T07:10:22Z" duration-ms="1627" status="PASS">
          <reporter-output>
          </reporter-output>
        </test-method> <!-- openWebsite -->
        <test-method signature="userProfile()[pri:2, instance:test.GSD@6a4f1a55]" started-at="2023-09-04T07:10:22Z" name="userProfile" finished-at="2023-09-04T07:11:39Z" duration-ms="77235" status="FAIL">
          <exception class="java.lang.AssertionError">
            <message>
              <![CDATA[timeout: Timed out receiving message from renderer: 30.000
  (Session info: MicrosoftEdge=116.0.1938.69)
Build info: version: '4.8.3', revision: 'e5e76298c3'
System info: os.name: 'Windows 11', os.arch: 'amd64', os.version: '10.0', java.version: '17.0.7'
Driver info: org.openqa.selenium.edge.EdgeDriver
Command: [340d76e9da2b80c86dbc161d06f565b7, findElement {using=class name, value=nvEhuDKzSmREBsqaIaOhu}]
Capabilities {acceptInsecureCerts: false, browserName: msedge, browserVersion: 116.0.1938.69, fedcm:accounts: true, ms:edgeOptions: {debuggerAddress: localhost:59014}, msedge: {msedgedriverVersion: 116.0.1938.69 (62ef76ea75c4..., userDataDir: C:\Users\STUTIK~1\AppData\L...}, networkConnectionEnabled: false, pageLoadStrategy: normal, platformName: WINDOWS, proxy: Proxy(), se:cdp: ws://localhost:59014/devtoo..., se:cdpVersion: 116.0.1938.69, setWindowRect: true, strictFileInteractability: false, timeouts: {implicit: 0, pageLoad: 300000, script: 30000}, unhandledPromptBehavior: dismiss and notify, webauthn:extension:credBlob: true, webauthn:extension:largeBlob: true, webauthn:extension:minPinLength: true, webauthn:extension:prf: true, webauthn:virtualAuthenticators: true}
Session ID: 340d76e9da2b80c86dbc161d06f565b7]]>
            </message>
            <full-stacktrace>
              <![CDATA[java.lang.AssertionError: timeout: Timed out receiving message from renderer: 30.000
  (Session info: MicrosoftEdge=116.0.1938.69)
Build info: version: '4.8.3', revision: 'e5e76298c3'
System info: os.name: 'Windows 11', os.arch: 'amd64', os.version: '10.0', java.version: '17.0.7'
Driver info: org.openqa.selenium.edge.EdgeDriver
Command: [340d76e9da2b80c86dbc161d06f565b7, findElement {using=class name, value=nvEhuDKzSmREBsqaIaOhu}]
Capabilities {acceptInsecureCerts: false, browserName: msedge, browserVersion: 116.0.1938.69, fedcm:accounts: true, ms:edgeOptions: {debuggerAddress: localhost:59014}, msedge: {msedgedriverVersion: 116.0.1938.69 (62ef76ea75c4..., userDataDir: C:\Users\STUTIK~1\AppData\L...}, networkConnectionEnabled: false, pageLoadStrategy: normal, platformName: WINDOWS, proxy: Proxy(), se:cdp: ws://localhost:59014/devtoo..., se:cdpVersion: 116.0.1938.69, setWindowRect: true, strictFileInteractability: false, timeouts: {implicit: 0, pageLoad: 300000, script: 30000}, unhandledPromptBehavior: dismiss and notify, webauthn:extension:credBlob: true, webauthn:extension:largeBlob: true, webauthn:extension:minPinLength: true, webauthn:extension:prf: true, webauthn:virtualAuthenticators: true}
Session ID: 340d76e9da2b80c86dbc161d06f565b7
at org.testng.Assert.fail(Assert.java:96)
at base.Base.reportFail(Base.java:59)
at test.GSD.userProfile(GSD.java:59)
at java.base/jdk.internal.reflect.NativeMethodAccessorImpl.invoke0(Native Method)
at java.base/jdk.internal.reflect.NativeMethodAccessorImpl.invoke(NativeMethodAccessorImpl.java:77)
at java.base/jdk.internal.reflect.DelegatingMethodAccessorImpl.invoke(DelegatingMethodAccessorImpl.java:43)
at java.base/java.lang.reflect.Method.invoke(Method.java:568)
at org.testng.internal.MethodInvocationHelper.invokeMethod(MethodInvocationHelper.java:124)
at org.testng.internal.Invoker.invokeMethod(Invoker.java:583)
at org.testng.internal.Invoker.invokeTestMethod(Invoker.java:719)
at org.testng.internal.Invoker.invokeTestMethods(Invoker.java:989)
at org.testng.internal.TestMethodWorker.invokeTestMethods(TestMethodWorker.java:125)
at org.testng.internal.TestMethodWorker.run(TestMethodWorker.java:109)
at org.testng.TestRunner.privateRun(TestRunner.java:648)
at org.testng.TestRunner.run(TestRunner.java:505)
at org.testng.SuiteRunner.runTest(SuiteRunner.java:455)
at org.testng.SuiteRunner.runSequentially(SuiteRunner.java:450)
at org.testng.SuiteRunner.privateRun(SuiteRunner.java:415)
at org.testng.SuiteRunner.run(SuiteRunner.java:364)
at org.testng.SuiteRunnerWorker.runSuite(SuiteRunnerWorker.java:52)
at org.testng.SuiteRunnerWorker.run(SuiteRunnerWorker.java:84)
at org.testng.TestNG.runSuitesSequentially(TestNG.java:1208)
at org.testng.TestNG.runSuitesLocally(TestNG.java:1137)
at org.testng.TestNG.runSuites(TestNG.java:1049)
at org.testng.TestNG.run(TestNG.java:1017)
at org.testng.remote.AbstractRemoteTestNG.run(AbstractRemoteTestNG.java:115)
at org.testng.remote.RemoteTestNG.initAndRun(RemoteTestNG.java:251)
at org.testng.remote.RemoteTestNG.main(RemoteTestNG.java:77)
]]>
            </full-stacktrace>
          </exception> <!-- java.lang.AssertionError -->
          <reporter-output>
          </reporter-output>
        </test-method> <!-- userProfile -->
        <test-method signature="openOneCognizant()[pri:3, instance:test.GSD@6a4f1a55]" started-at="2023-09-04T07:11:39Z" name="openOneCognizant" finished-at="2023-09-04T07:11:44Z" duration-ms="4287" status="PASS">
          <reporter-output>
          </reporter-output>
        </test-method> <!-- openOneCognizant -->
        <test-method signature="handleWindow()[pri:4, instance:test.GSD@6a4f1a55]" started-at="2023-09-04T07:11:44Z" name="handleWindow" finished-at="2023-09-04T07:11:44Z" duration-ms="20" status="PASS">
          <reporter-output>
          </reporter-output>
        </test-method> <!-- handleWindow -->
        <test-method signature="verifyTitleonects()[pri:5, instance:test.GSD@6a4f1a55]" started-at="2023-09-04T07:11:44Z" name="verifyTitleonects" finished-at="2023-09-04T07:12:05Z" duration-ms="21458" status="PASS">
          <reporter-output>
          </reporter-output>
        </test-method> <!-- verifyTitleonects -->
        <test-method signature="getGsd()[pri:6, instance:test.GSD@6a4f1a55]" started-at="2023-09-04T07:12:05Z" name="getGsd" finished-at="2023-09-04T07:12:06Z" duration-ms="1257" status="PASS">
          <reporter-output>
          </reporter-output>
        </test-method> <!-- getGsd -->
        <test-method signature="verifyTitleMessage()[pri:7, instance:test.GSD@6a4f1a55]" started-at="2023-09-04T07:12:06Z" name="verifyTitleMessage" finished-at="2023-09-04T07:12:16Z" duration-ms="10130" status="PASS">
          <reporter-output>
          </reporter-output>
        </test-method> <!-- verifyTitleMessage -->
        <test-method signature="getLanguage()[pri:8, instance:test.GSD@6a4f1a55]" started-at="2023-09-04T07:12:16Z" name="getLanguage" finished-at="2023-09-04T07:12:17Z" duration-ms="312" status="PASS">
          <reporter-output>
          </reporter-output>
        </test-method> <!-- getLanguage -->
        <test-method signature="printIndiaGSDSupport()[pri:9, instance:test.GSD@6a4f1a55]" started-at="2023-09-04T07:12:17Z" name="printIndiaGSDSupport" finished-at="2023-09-04T07:12:17Z" duration-ms="262" status="PASS">
          <reporter-output>
          </reporter-output>
        </test-method> <!-- printIndiaGSDSupport -->
        <test-method signature="randomFirstCountrySelect()[pri:10, instance:test.GSD@6a4f1a55]" started-at="2023-09-04T07:12:17Z" name="randomFirstCountrySelect" finished-at="2023-09-04T07:12:22Z" duration-ms="5122" status="PASS">
          <reporter-output>
          </reporter-output>
        </test-method> <!-- randomFirstCountrySelect -->
        <test-method signature="randomSecondCountrySelect()[pri:11, instance:test.GSD@6a4f1a55]" started-at="2023-09-04T07:12:22Z" name="randomSecondCountrySelect" finished-at="2023-09-04T07:12:33Z" duration-ms="10858" status="PASS">
          <reporter-output>
          </reporter-output>
        </test-method> <!-- randomSecondCountrySelect -->
        <test-method is-config="true" signature="closeBrowser()[pri:0, instance:test.GSD@6a4f1a55]" started-at="2023-09-04T07:12:33Z" name="closeBrowser" finished-at="2023-09-04T07:12:34Z" duration-ms="964" status="PASS">
          <reporter-output>
          </reporter-output>
        </test-method> <!-- closeBrowser -->
      </class> <!-- test.GSD -->
    </test> <!-- Default test -->
  </suite> <!-- Default suite -->
</testng-results>
